#
# There is insufficient memory for the Java Runtime Environment to continue.
# Native memory allocation (malloc) failed to allocate 3130576 bytes for Chunk::new
# Possible reasons:
#   The system is out of physical RAM or swap space
#   The process is running with CompressedOops enabled, and the Java Heap may be blocking the growth of the native heap
# Possible solutions:
#   Reduce memory load on the system
#   Increase physical memory or swap space
#   Check if swap backing store is full
#   Decrease Java heap size (-Xmx/-Xms)
#   Decrease number of Java threads
#   Decrease Java thread stack sizes (-Xss)
#   Set larger code cache with -XX:ReservedCodeCacheSize=
#   JVM is running with Unscaled Compressed Oops mode in which the Java heap is
#     placed in the first 4GB address space. The Java Heap base address is the
#     maximum limit for the native heap growth. Please use -XX:HeapBaseMinAddress
#     to set the Java Heap base and to place the Java Heap above 4GB virtual address.
# This output file may be truncated or incomplete.
#
#  Out of Memory Error (allocation.cpp:389), pid=9832, tid=0x0000000000002d70
#
# JRE version: OpenJDK Runtime Environment (8.0_242-b01) (build 1.8.0_242-release-1644-b01)
# Java VM: OpenJDK 64-Bit Server VM (25.242-b01 mixed mode windows-amd64 compressed oops)
# Failed to write core dump. Minidumps are not enabled by default on client versions of Windows
#

---------------  T H R E A D  ---------------

Current thread (0x00000000194ec000):  JavaThread "C2 CompilerThread2" daemon [_thread_in_native, id=11632, stack(0x0000000019fe0000,0x000000001a0e0000)]

Stack: [0x0000000019fe0000,0x000000001a0e0000]
[error occurred during error reporting (printing stack bounds), id 0xc0000005]

Native frames: (J=compiled Java code, j=interpreted, Vv=VM code, C=native code)


Current CompileTask:
C2:  52508 16402       4       java.lang.reflect.Method::getAnnotation (6 bytes)


---------------  P R O C E S S  ---------------

Java Threads: ( => current thread )
  0x00000000227d1000 JavaThread "ForkJoinPool.commonPool-worker-0" daemon [_thread_blocked, id=13592, stack(0x000000002b720000,0x000000002b820000)]
  0x00000000227cc800 JavaThread "WorkerExecutor Queue Thread 11" [_thread_blocked, id=11300, stack(0x000000002c100000,0x000000002c200000)]
  0x00000000227d0800 JavaThread "WorkerExecutor Queue Thread 10" [_thread_blocked, id=16920, stack(0x000000002c000000,0x000000002c100000)]
  0x00000000227cf800 JavaThread "WorkerExecutor Queue Thread 9" [_thread_blocked, id=17376, stack(0x000000002bf00000,0x000000002c000000)]
  0x00000000227cf000 JavaThread "WorkerExecutor Queue Thread 8" [_thread_blocked, id=5952, stack(0x000000002be00000,0x000000002bf00000)]
  0x00000000227d2800 JavaThread "WorkerExecutor Queue Thread 7" [_thread_blocked, id=6044, stack(0x000000002bd00000,0x000000002be00000)]
  0x000000001e7d2800 JavaThread "ForkJoinPool.commonPool-worker-6" daemon [_thread_blocked, id=7324, stack(0x000000002b620000,0x000000002b720000)]
  0x000000001e6fa800 JavaThread "ForkJoinPool.commonPool-worker-5" daemon [_thread_blocked, id=9888, stack(0x000000002b520000,0x000000002b620000)]
  0x000000001e6f7800 JavaThread "ForkJoinPool.commonPool-worker-4" daemon [_thread_blocked, id=8832, stack(0x000000002b420000,0x000000002b520000)]
  0x000000001e6fd000 JavaThread "ForkJoinPool.commonPool-worker-3" daemon [_thread_blocked, id=16548, stack(0x000000002b320000,0x000000002b420000)]
  0x000000001e6f7000 JavaThread "ForkJoinPool.commonPool-worker-2" daemon [_thread_blocked, id=12692, stack(0x000000002b220000,0x000000002b320000)]
  0x000000001e6fa000 JavaThread "ForkJoinPool.commonPool-worker-1" daemon [_thread_blocked, id=7120, stack(0x000000002a2b0000,0x000000002a3b0000)]
  0x0000000023506800 JavaThread "Cache worker for Java compile cache (D:\elvof\AndroidStudioProjects\HelloKotlin\.gradle\6.1.1\javaCompile)" [_thread_blocked, id=13268, stack(0x000000002ab20000,0x000000002ac20000)]
  0x00000000234ff000 JavaThread "Cache worker for Java compile cache (D:\elvof\AndroidStudioProjects1\.gradle\caches\6.1.1\javaCompile)" [_thread_blocked, id=16636, stack(0x000000002aa20000,0x000000002ab20000)]
  0x0000000023500000 JavaThread "RMI TCP Connection(1)-127.0.0.1" daemon [_thread_in_native, id=17028, stack(0x000000002a920000,0x000000002aa20000)]
  0x0000000023506000 JavaThread "RMI Reaper" [_thread_blocked, id=14836, stack(0x000000002a820000,0x000000002a920000)]
  0x0000000023505000 JavaThread "RMI TCP Accept-0" daemon [_thread_in_native, id=10964, stack(0x000000002a4b0000,0x000000002a5b0000)]
  0x0000000023503800 JavaThread "GC Daemon" daemon [_thread_blocked, id=5444, stack(0x000000002a3b0000,0x000000002a4b0000)]
  0x00000000234fc000 JavaThread "RMI Scheduler(0)" daemon [_thread_blocked, id=16156, stack(0x00000000280f0000,0x00000000281f0000)]
  0x00000000234fd000 JavaThread "WorkerExecutor Queue Thread 6" [_thread_blocked, id=18948, stack(0x000000002a720000,0x000000002a820000)]
  0x0000000023503000 JavaThread "WorkerExecutor Queue Thread 5" [_thread_blocked, id=10028, stack(0x000000002a620000,0x000000002a720000)]
  0x0000000023502000 JavaThread "stdout" [_thread_in_native, id=1672, stack(0x0000000028af0000,0x0000000028bf0000)]
  0x0000000023501800 JavaThread "stderr" [_thread_in_native, id=16836, stack(0x00000000289f0000,0x0000000028af0000)]
  0x00000000234fa000 JavaThread "stdout" [_thread_in_native, id=12972, stack(0x00000000288f0000,0x00000000289f0000)]
  0x00000000234fb800 JavaThread "stderr" [_thread_in_native, id=15128, stack(0x00000000287f0000,0x00000000288f0000)]
  0x0000000023500800 JavaThread "stdout" [_thread_in_native, id=11848, stack(0x00000000286f0000,0x00000000287f0000)]
  0x00000000234fe800 JavaThread "stderr" [_thread_in_native, id=11204, stack(0x00000000285f0000,0x00000000286f0000)]
  0x00000000234fa800 JavaThread "stdout" [_thread_in_native, id=20008, stack(0x00000000284f0000,0x00000000285f0000)]
  0x000000001e6fb800 JavaThread "stderr" [_thread_in_native, id=8160, stack(0x00000000283f0000,0x00000000284f0000)]
  0x000000001e6f9000 JavaThread "pool-2-thread-1" [_thread_blocked, id=3864, stack(0x00000000282f0000,0x00000000283f0000)]
  0x000000001e6f8800 JavaThread "WorkerExecutor Queue Thread 4" [_thread_blocked, id=16016, stack(0x00000000281f0000,0x00000000282f0000)]
  0x000000001e6ee800 JavaThread "Cache worker for execution history cache (D:\elvof\AndroidStudioProjects\HelloKotlin\.gradle\6.1.1\executionHistory)" [_thread_blocked, id=11680, stack(0x00000000279f0000,0x0000000027af0000)]
  0x000000001e7d5800 JavaThread "Cache worker for file content cache (D:\elvof\AndroidStudioProjects\HelloKotlin\.gradle\6.1.1\fileContent)" [_thread_blocked, id=2828, stack(0x0000000026da0000,0x0000000026ea0000)]
  0x000000001e7d5000 JavaThread "Cache worker for file content cache (D:\elvof\AndroidStudioProjects1\.gradle\caches\6.1.1\fileContent)" [_thread_blocked, id=12828, stack(0x0000000026410000,0x0000000026510000)]
  0x000000001e7d3800 JavaThread "Memory manager" [_thread_blocked, id=11512, stack(0x0000000026310000,0x0000000026410000)]
  0x000000001e7d2000 JavaThread "Cache worker for Build Output Cleanup Cache (D:\elvof\AndroidStudioProjects\HelloKotlin\.gradle\buildOutputCleanup)" [_thread_blocked, id=9600, stack(0x0000000025a10000,0x0000000025b10000)]
  0x000000001e7cf800 JavaThread "pool-1-thread-1" [_thread_blocked, id=5580, stack(0x0000000025710000,0x0000000025810000)]
  0x000000001e7d1000 JavaThread "Build operations Thread 8" [_thread_blocked, id=16436, stack(0x0000000024240000,0x0000000024340000)]
  0x000000001e7cc800 JavaThread "Build operations Thread 7" [_thread_blocked, id=19308, stack(0x0000000024140000,0x0000000024240000)]
  0x000000001e7cb800 JavaThread "Build operations Thread 6" [_thread_blocked, id=14880, stack(0x0000000024040000,0x0000000024140000)]
  0x000000001e7d0000 JavaThread "Build operations Thread 5" [_thread_blocked, id=3272, stack(0x0000000023ce0000,0x0000000023de0000)]
  0x000000001e7ce800 JavaThread "Build operations Thread 4" [_thread_blocked, id=14180, stack(0x0000000023be0000,0x0000000023ce0000)]
  0x000000001e7c7000 JavaThread "Build operations Thread 3" [_thread_blocked, id=12252, stack(0x0000000023ae0000,0x0000000023be0000)]
  0x000000001e7ca000 JavaThread "Build operations Thread 2" [_thread_blocked, id=14016, stack(0x00000000239e0000,0x0000000023ae0000)]
  0x000000001e7c9800 JavaThread "Build operations" [_thread_blocked, id=18496, stack(0x00000000238e0000,0x00000000239e0000)]
  0x000000001c14c800 JavaThread "Cache worker for execution history cache (D:\elvof\AndroidStudioProjects1\.gradle\caches\6.1.1\executionHistory)" [_thread_blocked, id=8188, stack(0x0000000021e10000,0x0000000021f10000)]
  0x000000001c14b000 JavaThread "Cache worker for cache directory md-rule (D:\elvof\AndroidStudioProjects1\.gradle\caches\6.1.1\md-rule)" [_thread_blocked, id=18564, stack(0x0000000021d10000,0x0000000021e10000)]
  0x000000001c14d800 JavaThread "Cache worker for cache directory md-supplier (D:\elvof\AndroidStudioProjects1\.gradle\caches\6.1.1\md-supplier)" [_thread_blocked, id=13168, stack(0x0000000020970000,0x0000000020a70000)]
  0x000000001c14a800 JavaThread "Cache worker for file hash cache (D:\elvof\AndroidStudioProjects\HelloKotlin\.gradle\6.1.1\fileHashes)" [_thread_blocked, id=12468, stack(0x0000000020760000,0x0000000020860000)]
  0x000000001c14c000 JavaThread "Cache worker for checksums cache (D:\elvof\AndroidStudioProjects\HelloKotlin\.gradle\checksums)" [_thread_blocked, id=14748, stack(0x0000000020870000,0x0000000020970000)]
  0x000000001c148000 JavaThread "Cache worker for file hash cache (D:\elvof\AndroidStudioProjects1\.gradle\caches\6.1.1\fileHashes)" [_thread_blocked, id=14496, stack(0x000000001e230000,0x000000001e330000)]
  0x000000001c149800 JavaThread "File lock request listener" [_thread_in_native, id=17396, stack(0x000000001e130000,0x000000001e230000)]
  0x000000001c31f800 JavaThread "Cache worker for journal cache (D:\elvof\AndroidStudioProjects1\.gradle\caches\journal-1)" [_thread_blocked, id=3932, stack(0x000000001e030000,0x000000001e130000)]
  0x000000001a6bf000 JavaThread "Thread-9" [_thread_blocked, id=17328, stack(0x000000001dd30000,0x000000001de30000)]
  0x000000001a5f7000 JavaThread "Stdin handler" [_thread_blocked, id=4016, stack(0x000000001dc30000,0x000000001dd30000)]
  0x000000001a5f6000 JavaThread "Asynchronous log dispatcher for DefaultDaemonConnection: socket connection from /127.0.0.1:52078 to /127.0.0.1:52079" [_thread_blocked, id=14284, stack(0x000000001db30000,0x000000001dc30000)]
  0x000000001a713800 JavaThread "Daemon worker" [_thread_in_vm, id=4952, stack(0x000000001da30000,0x000000001db30000)]
  0x000000001a712000 JavaThread "Cancel handler" [_thread_blocked, id=16952, stack(0x000000001d930000,0x000000001da30000)]
  0x000000001c086800 JavaThread "Handler for socket connection from /127.0.0.1:52078 to /127.0.0.1:52079" [_thread_in_native, id=18764, stack(0x000000001d630000,0x000000001d730000)]
  0x000000001c078000 JavaThread "Daemon" [_thread_blocked, id=15544, stack(0x000000001d530000,0x000000001d630000)]
  0x000000001c067000 JavaThread "Daemon periodic checks" [_thread_blocked, id=2400, stack(0x000000001d430000,0x000000001d530000)]
  0x000000001c002000 JavaThread "Incoming local TCP Connector on port 52078" [_thread_in_native, id=10780, stack(0x000000001d1c0000,0x000000001d2c0000)]
  0x000000001bf37000 JavaThread "Daemon health stats" [_thread_blocked, id=11568, stack(0x000000001cb80000,0x000000001cc80000)]
  0x0000000019567000 JavaThread "Service Thread" daemon [_thread_blocked, id=12484, stack(0x000000001a1e0000,0x000000001a2e0000)]
  0x00000000194f0800 JavaThread "C1 CompilerThread3" daemon [_thread_in_native, id=7100, stack(0x000000001a0e0000,0x000000001a1e0000)]
=>0x00000000194ec000 JavaThread "C2 CompilerThread2" daemon [_thread_in_native, id=11632, stack(0x0000000019fe0000,0x000000001a0e0000)]
  0x00000000176eb000 JavaThread "C2 CompilerThread1" daemon [_thread_in_native, id=9208, stack(0x0000000019ee0000,0x0000000019fe0000)]
  0x00000000194e4000 JavaThread "C2 CompilerThread0" daemon [_thread_in_native, id=3096, stack(0x0000000019de0000,0x0000000019ee0000)]
  0x00000000194e2800 JavaThread "Attach Listener" daemon [_thread_blocked, id=13620, stack(0x0000000019ce0000,0x0000000019de0000)]
  0x00000000194e2000 JavaThread "Signal Dispatcher" daemon [_thread_blocked, id=14868, stack(0x0000000019be0000,0x0000000019ce0000)]
  0x00000000194d1800 JavaThread "Finalizer" daemon [_thread_blocked, id=16212, stack(0x00000000199b0000,0x0000000019ab0000)]
  0x00000000194d0800 JavaThread "Reference Handler" daemon [_thread_blocked, id=8524, stack(0x00000000198b0000,0x00000000199b0000)]
  0x000000000246e800 JavaThread "main" [_thread_blocked, id=15028, stack(0x0000000002470000,0x0000000002570000)]

Other Threads:
  0x00000000176d8000 VMThread [stack: 0x00000000193b0000,0x00000000194b0000] [id=4976]
  0x0000000019567800 WatcherThread [stack: 0x000000001a2e0000,0x000000001a3e0000] [id=16136]

VM state:not at safepoint (normal execution)

VM Mutex/Monitor currently owned by a thread: None

heap address: 0x0000000080000000, size: 2048 MB, Compressed Oops mode: 32-bit
Narrow klass base: 0x0000000000000000, Narrow klass shift: 3
Compressed class space size: 1073741824 Address: 0x0000000100000000

Heap:
 PSYoungGen      total 334848K, used 62047K [0x00000000d5580000, 0x00000000ec780000, 0x0000000100000000)
  eden space 295936K, 20% used [0x00000000d5580000,0x00000000d9217ec8,0x00000000e7680000)
  from space 38912K, 0% used [0x00000000e7680000,0x00000000e7680000,0x00000000e9c80000)
  to   space 36352K, 0% used [0x00000000e9c80000,0x00000000e9c80000,0x00000000ec000000)
 ParOldGen       total 113664K, used 67317K [0x0000000080000000, 0x0000000086f00000, 0x00000000d5580000)
  object space 113664K, 59% used [0x0000000080000000,0x00000000841bd7e0,0x0000000086f00000)
 Metaspace       used 93770K, capacity 97966K, committed 100888K, reserved 1136640K
  class space    used 12562K, capacity 13390K, committed 14120K, reserved 1048576K

Card table byte_map: [0x0000000011a30000,0x0000000011e40000] byte_map_base: 0x0000000011630000

Marking Bits: (ParMarkBitMap*) 0x0000000070adf030
 Begin Bits: [0x00000000128f0000, 0x00000000148f0000)
 End Bits:   [0x00000000148f0000, 0x00000000168f0000)

Polling page: 0x0000000002360000

CodeCache: size=245760Kb used=42996Kb max_used=44429Kb free=202763Kb
 bounds [0x0000000002670000, 0x0000000005220000, 0x0000000011670000]
 total_blobs=14167 nmethods=13235 adapters=842
 compilation: enabled

Compilation events (10 events):
Event: 52.473 Thread 0x00000000194f0800 16522       3       org.gradle.internal.instantiation.generator.AsmBackedClassGenerator::start (66 bytes)
Event: 52.474 Thread 0x00000000194f0800 nmethod 16522 0x0000000004e82790 code [0x0000000004e829a0, 0x0000000004e83468]
Event: 52.474 Thread 0x00000000194f0800 16523       3       org.gradle.internal.instantiation.generator.AbstractClassGenerator$ExtensibleTypePropertyHandler::startType (91 bytes)
Event: 52.475 Thread 0x00000000194f0800 nmethod 16523 0x0000000003287350 code [0x0000000003287540, 0x0000000003287df8]
Event: 52.475 Thread 0x00000000194f0800 16524       3       org.gradle.internal.instantiation.generator.AbstractClassGenerator$DslMixInPropertyType::startType (37 bytes)
Event: 52.475 Thread 0x00000000194f0800 nmethod 16524 0x0000000002a619d0 code [0x0000000002a61b40, 0x0000000002a61ef8]
Event: 52.475 Thread 0x00000000194f0800 16526       3       org.gradle.internal.instantiation.generator.AbstractClassGenerator$DslMixInPropertyType::addSetMethods (154 bytes)
Event: 52.476 Thread 0x00000000194f0800 nmethod 16526 0x00000000050f3690 code [0x00000000050f3920, 0x00000000050f4a08]
Event: 52.476 Thread 0x00000000194f0800 16525       3       org.gradle.internal.instantiation.generator.AbstractClassGenerator$ExtensibleTypePropertyHandler::applyTo (27 bytes)
Event: 52.476 Thread 0x00000000194f0800 nmethod 16525 0x000000000328ae10 code [0x000000000328af80, 0x000000000328b330]

GC Heap History (10 events):
Event: 43.289 GC heap before
{Heap before GC invocations=17 (full 3):
 PSYoungGen      total 241152K, used 241125K [0x00000000d5580000, 0x00000000e8600000, 0x0000000100000000)
  eden space 218112K, 100% used [0x00000000d5580000,0x00000000e2a80000,0x00000000e2a80000)
  from space 23040K, 99% used [0x00000000e2a80000,0x00000000e40f97e8,0x00000000e4100000)
  to   space 27648K, 0% used [0x00000000e6b00000,0x00000000e6b00000,0x00000000e8600000)
 ParOldGen       total 113664K, used 41353K [0x0000000080000000, 0x0000000086f00000, 0x00000000d5580000)
  object space 113664K, 36% used [0x0000000080000000,0x0000000082862420,0x0000000086f00000)
 Metaspace       used 80729K, capacity 84378K, committed 84632K, reserved 1122304K
  class space    used 10862K, capacity 11596K, committed 11688K, reserved 1048576K
Event: 43.322 GC heap after
Heap after GC invocations=17 (full 3):
 PSYoungGen      total 282112K, used 17751K [0x00000000d5580000, 0x00000000e8580000, 0x0000000100000000)
  eden space 254976K, 0% used [0x00000000d5580000,0x00000000d5580000,0x00000000e4e80000)
  from space 27136K, 65% used [0x00000000e6b00000,0x00000000e7c55e78,0x00000000e8580000)
  to   space 28160K, 0% used [0x00000000e4e80000,0x00000000e4e80000,0x00000000e6a00000)
 ParOldGen       total 113664K, used 59072K [0x0000000080000000, 0x0000000086f00000, 0x00000000d5580000)
  object space 113664K, 51% used [0x0000000080000000,0x00000000839b03d8,0x0000000086f00000)
 Metaspace       used 80729K, capacity 84378K, committed 84632K, reserved 1122304K
  class space    used 10862K, capacity 11596K, committed 11688K, reserved 1048576K
}
Event: 45.892 GC heap before
{Heap before GC invocations=18 (full 3):
 PSYoungGen      total 282112K, used 272727K [0x00000000d5580000, 0x00000000e8580000, 0x0000000100000000)
  eden space 254976K, 100% used [0x00000000d5580000,0x00000000e4e80000,0x00000000e4e80000)
  from space 27136K, 65% used [0x00000000e6b00000,0x00000000e7c55e78,0x00000000e8580000)
  to   space 28160K, 0% used [0x00000000e4e80000,0x00000000e4e80000,0x00000000e6a00000)
 ParOldGen       total 113664K, used 59072K [0x0000000080000000, 0x0000000086f00000, 0x00000000d5580000)
  object space 113664K, 51% used [0x0000000080000000,0x00000000839b03d8,0x0000000086f00000)
 Metaspace       used 82182K, capacity 86110K, committed 86296K, reserved 1124352K
  class space    used 11052K, capacity 11806K, committed 11816K, reserved 1048576K
Event: 45.924 GC heap after
Heap after GC invocations=18 (full 3):
 PSYoungGen      total 283136K, used 28157K [0x00000000d5580000, 0x00000000ec000000, 0x0000000100000000)
  eden space 254976K, 0% used [0x00000000d5580000,0x00000000d5580000,0x00000000e4e80000)
  from space 28160K, 99% used [0x00000000e4e80000,0x00000000e69ff7a0,0x00000000e6a00000)
  to   space 36352K, 0% used [0x00000000e9c80000,0x00000000e9c80000,0x00000000ec000000)
 ParOldGen       total 113664K, used 68924K [0x0000000080000000, 0x0000000086f00000, 0x00000000d5580000)
  object space 113664K, 60% used [0x0000000080000000,0x000000008434f0a0,0x0000000086f00000)
 Metaspace       used 82182K, capacity 86110K, committed 86296K, reserved 1124352K
  class space    used 11052K, capacity 11806K, committed 11816K, reserved 1048576K
}
Event: 48.240 GC heap before
{Heap before GC invocations=19 (full 3):
 PSYoungGen      total 283136K, used 282881K [0x00000000d5580000, 0x00000000ec000000, 0x0000000100000000)
  eden space 254976K, 99% used [0x00000000d5580000,0x00000000e4e40ee0,0x00000000e4e80000)
  from space 28160K, 99% used [0x00000000e4e80000,0x00000000e69ff7a0,0x00000000e6a00000)
  to   space 36352K, 0% used [0x00000000e9c80000,0x00000000e9c80000,0x00000000ec000000)
 ParOldGen       total 113664K, used 68924K [0x0000000080000000, 0x0000000086f00000, 0x00000000d5580000)
  object space 113664K, 60% used [0x0000000080000000,0x000000008434f0a0,0x0000000086f00000)
 Metaspace       used 91218K, capacity 96766K, committed 97048K, reserved 1132544K
  class space    used 12413K, capacity 13548K, committed 13608K, reserved 1048576K
Event: 48.277 GC heap after
Heap after GC invocations=19 (full 3):
 PSYoungGen      total 332288K, used 28244K [0x00000000d5580000, 0x00000000ec780000, 0x0000000100000000)
  eden space 295936K, 0% used [0x00000000d5580000,0x00000000d5580000,0x00000000e7680000)
  from space 36352K, 77% used [0x00000000e9c80000,0x00000000eb8150c8,0x00000000ec000000)
  to   space 38912K, 0% used [0x00000000e7680000,0x00000000e7680000,0x00000000e9c80000)
 ParOldGen       total 113664K, used 87220K [0x0000000080000000, 0x0000000086f00000, 0x00000000d5580000)
  object space 113664K, 76% used [0x0000000080000000,0x000000008552d3b0,0x0000000086f00000)
 Metaspace       used 91218K, capacity 96766K, committed 97048K, reserved 1132544K
  class space    used 12413K, capacity 13548K, committed 13608K, reserved 1048576K
}
Event: 50.590 GC heap before
{Heap before GC invocations=20 (full 3):
 PSYoungGen      total 332288K, used 322961K [0x00000000d5580000, 0x00000000ec780000, 0x0000000100000000)
  eden space 295936K, 99% used [0x00000000d5580000,0x00000000e754f338,0x00000000e7680000)
  from space 36352K, 77% used [0x00000000e9c80000,0x00000000eb8150c8,0x00000000ec000000)
  to   space 38912K, 0% used [0x00000000e7680000,0x00000000e7680000,0x00000000e9c80000)
 ParOldGen       total 113664K, used 87220K [0x0000000080000000, 0x0000000086f00000, 0x00000000d5580000)
  object space 113664K, 76% used [0x0000000080000000,0x000000008552d3b0,0x0000000086f00000)
 Metaspace       used 92677K, capacity 98506K, committed 98584K, reserved 1134592K
  class space    used 12611K, capacity 13798K, committed 13864K, reserved 1048576K
Event: 50.598 GC heap after
Heap after GC invocations=20 (full 3):
 PSYoungGen      total 334848K, used 4215K [0x00000000d5580000, 0x00000000ec780000, 0x0000000100000000)
  eden space 295936K, 0% used [0x00000000d5580000,0x00000000d5580000,0x00000000e7680000)
  from space 38912K, 10% used [0x00000000e7680000,0x00000000e7a9de98,0x00000000e9c80000)
  to   space 36352K, 0% used [0x00000000e9c80000,0x00000000e9c80000,0x00000000ec000000)
 ParOldGen       total 113664K, used 87228K [0x0000000080000000, 0x0000000086f00000, 0x00000000d5580000)
  object space 113664K, 76% used [0x0000000080000000,0x000000008552f3b0,0x0000000086f00000)
 Metaspace       used 92677K, capacity 98506K, committed 98584K, reserved 1134592K
  class space    used 12611K, capacity 13798K, committed 13864K, reserved 1048576K
}
Event: 50.598 GC heap before
{Heap before GC invocations=21 (full 4):
 PSYoungGen      total 334848K, used 4215K [0x00000000d5580000, 0x00000000ec780000, 0x0000000100000000)
  eden space 295936K, 0% used [0x00000000d5580000,0x00000000d5580000,0x00000000e7680000)
  from space 38912K, 10% used [0x00000000e7680000,0x00000000e7a9de98,0x00000000e9c80000)
  to   space 36352K, 0% used [0x00000000e9c80000,0x00000000e9c80000,0x00000000ec000000)
 ParOldGen       total 113664K, used 87228K [0x0000000080000000, 0x0000000086f00000, 0x00000000d5580000)
  object space 113664K, 76% used [0x0000000080000000,0x000000008552f3b0,0x0000000086f00000)
 Metaspace       used 92677K, capacity 98506K, committed 98584K, reserved 1134592K
  class space    used 12611K, capacity 13798K, committed 13864K, reserved 1048576K
Event: 51.468 GC heap after
Heap after GC invocations=21 (full 4):
 PSYoungGen      total 334848K, used 0K [0x00000000d5580000, 0x00000000ec780000, 0x0000000100000000)
  eden space 295936K, 0% used [0x00000000d5580000,0x00000000d5580000,0x00000000e7680000)
  from space 38912K, 0% used [0x00000000e7680000,0x00000000e7680000,0x00000000e9c80000)
  to   space 36352K, 0% used [0x00000000e9c80000,0x00000000e9c80000,0x00000000ec000000)
 ParOldGen       total 113664K, used 67317K [0x0000000080000000, 0x0000000086f00000, 0x00000000d5580000)
  object space 113664K, 59% used [0x0000000080000000,0x00000000841bd7e0,0x0000000086f00000)
 Metaspace       used 91413K, capacity 95460K, committed 98584K, reserved 1134592K
  class space    used 12166K, capacity 13001K, committed 13864K, reserved 1048576K
}

Deoptimization events (10 events):
Event: 51.501 Thread 0x00000000227d2800 Uncommon trap: reason=unstable_if action=reinterpret pc=0x0000000003228b10 method=java.util.stream.StreamOpFlag.getMask(I)I @ 1
Event: 51.791 Thread 0x000000001e6f7000 Uncommon trap: reason=unstable_if action=reinterpret pc=0x00000000049b3e80 method=java.util.zip.Deflater.needsInput()Z @ 11
Event: 51.850 Thread 0x00000000227d2800 Uncommon trap: reason=unstable_if action=reinterpret pc=0x0000000004e48a7c method=java.nio.Bits.getInt(Ljava/nio/ByteBuffer;IZ)I @ 1
Event: 51.943 Thread 0x00000000227d2800 Uncommon trap: reason=array_check action=maybe_recompile pc=0x00000000050102b8 method=java.util.TimSort.reverseRange([Ljava/lang/Object;II)V @ 27
Event: 51.950 Thread 0x000000001e6f1800 Uncommon trap: reason=unstable_if action=reinterpret pc=0x0000000004a24288 method=java.util.Spliterators$ArraySpliterator.forEachRemaining(Ljava/util/function/Consumer;)V @ 46
Event: 52.100 Thread 0x000000001a713800 Uncommon trap: reason=class_check action=maybe_recompile pc=0x0000000003fb84d0 method=com.google.common.collect.SortedIterables.hasSameComparator(Ljava/util/Comparator;Ljava/lang/Iterable;)Z @ 11
Event: 52.116 Thread 0x000000001a713800 Uncommon trap: reason=class_check action=maybe_recompile pc=0x0000000003fb84d0 method=com.google.common.collect.SortedIterables.hasSameComparator(Ljava/util/Comparator;Ljava/lang/Iterable;)Z @ 11
Event: 52.127 Thread 0x000000001a713800 Uncommon trap: reason=class_check action=maybe_recompile pc=0x0000000003fb84d0 method=com.google.common.collect.SortedIterables.hasSameComparator(Ljava/util/Comparator;Ljava/lang/Iterable;)Z @ 11
Event: 52.127 Thread 0x000000001a713800 Uncommon trap: reason=class_check action=maybe_recompile pc=0x0000000003fb84d0 method=com.google.common.collect.SortedIterables.hasSameComparator(Ljava/util/Comparator;Ljava/lang/Iterable;)Z @ 11
Event: 52.359 Thread 0x000000001a713800 Uncommon trap: reason=unstable_if action=reinterpret pc=0x0000000004087288 method=java.util.concurrent.ConcurrentHashMap.computeIfAbsent(Ljava/lang/Object;Ljava/util/function/Function;)Ljava/lang/Object; @ 123

Classes redefined (0 events):
No events

Internal exceptions (10 events):
Event: 48.468 Thread 0x00000000227d6800 Implicit null exception at 0x00000000030687ef to 0x00000000030688e1
Event: 48.468 Thread 0x00000000227db000 Implicit null exception at 0x00000000030687ef to 0x00000000030688e1
Event: 50.382 Thread 0x00000000227cd800 Exception <a 'sun/nio/fs/WindowsException'> (0x00000000e6b06330) thrown at [C:\src\AOSP-openjdk-git\hotspot\src\share\vm\prims\jni.cpp, line 710]
Event: 50.511 Thread 0x000000001e6f1800 Exception <a 'java/lang/NoSuchMethodError': <clinit>> (0x00000000e6f5be48) thrown at [C:\src\AOSP-openjdk-git\hotspot\src\share\vm\prims\jni.cpp, line 1615]
Event: 50.511 Thread 0x000000001e6f1800 Exception <a 'java/lang/NoSuchMethodError': <clinit>> (0x00000000e6f606d0) thrown at [C:\src\AOSP-openjdk-git\hotspot\src\share\vm\prims\jni.cpp, line 1615]
Event: 50.532 Thread 0x00000000227d2800 Exception <a 'java/lang/NoSuchMethodError': java.lang.Object.lambda$asRunnable$0(Lcom/android/tools/build/apkzlib/utils/IOExceptionRunnable;)V> (0x00000000e72a7b38) thrown at [C:\src\AOSP-openjdk-git\hotspot\src\share\vm\interpreter\linkResolver.cpp, line
Event: 50.587 Thread 0x00000000227d2800 Exception <a 'java/lang/NoSuchMethodError': java.lang.Object.newSystemTemporaryDirectory()Lcom/android/tools/build/apkzlib/bytestorage/TemporaryDirectory;> (0x00000000e74fc430) thrown at [C:\src\AOSP-openjdk-git\hotspot\src\share\vm\interpreter\linkResolv
Event: 51.536 Thread 0x00000000227d2800 Exception <a 'sun/nio/fs/WindowsException'> (0x00000000d5738e10) thrown at [C:\src\AOSP-openjdk-git\hotspot\src\share\vm\prims\jni.cpp, line 710]
Event: 51.536 Thread 0x00000000227d2800 Exception <a 'sun/nio/fs/WindowsException'> (0x00000000d5739310) thrown at [C:\src\AOSP-openjdk-git\hotspot\src\share\vm\prims\jni.cpp, line 710]
Event: 51.545 Thread 0x00000000227d2800 Exception <a 'java/lang/NoSuchMethodError': java.lang.Object.lambda$static$0(Lcom/android/apksig/util/RunnablesProvider;)V> (0x00000000d579e438) thrown at [C:\src\AOSP-openjdk-git\hotspot\src\share\vm\interpreter\linkResolver.cpp, line 620]

Events (10 events):
Event: 52.499 loading class org/gradle/api/internal/tasks/testing/JvmTestExecutionSpec
Event: 52.499 loading class org/gradle/api/internal/tasks/testing/JvmTestExecutionSpec done
Event: 52.500 loading class org/gradle/api/tasks/testing/logging/TestLogging
Event: 52.500 loading class org/gradle/api/tasks/testing/logging/TestLogging done
Event: 52.501 loading class org/gradle/api/tasks/testing/TestTaskReports
Event: 52.501 loading class org/gradle/api/tasks/testing/TestTaskReports done
Event: 52.502 loading class org/gradle/api/internal/tasks/testing/junit/result/TestOutputStore
Event: 52.502 loading class org/gradle/api/internal/tasks/testing/junit/result/TestOutputStore done
Event: 52.503 loading class org/gradle/api/tasks/testing/logging/TestLoggingContainer
Event: 52.503 loading class org/gradle/api/tasks/testing/logging/TestLoggingContainer done


Dynamic libraries:
0x00007ff7add00000 - 0x00007ff7add31000 	D:\Program Files\Android\Android Studio\jre\bin\java.exe
0x00007ff8e5160000 - 0x00007ff8e5350000 	C:\WINDOWS\SYSTEM32\ntdll.dll
0x00007ff8e38d0000 - 0x00007ff8e3982000 	C:\WINDOWS\System32\KERNEL32.DLL
0x00007ff8e22f0000 - 0x00007ff8e2594000 	C:\WINDOWS\System32\KERNELBASE.dll
0x00007ff8e3550000 - 0x00007ff8e35f3000 	C:\WINDOWS\System32\ADVAPI32.dll
0x00007ff8e3b40000 - 0x00007ff8e3bde000 	C:\WINDOWS\System32\msvcrt.dll
0x00007ff8e3830000 - 0x00007ff8e38c7000 	C:\WINDOWS\System32\sechost.dll
0x00007ff8e3d20000 - 0x00007ff8e3e40000 	C:\WINDOWS\System32\RPCRT4.dll
0x00007ff8e4260000 - 0x00007ff8e43f4000 	C:\WINDOWS\System32\USER32.dll
0x00007ff8e2260000 - 0x00007ff8e2281000 	C:\WINDOWS\System32\win32u.dll
0x00007ff8e48a0000 - 0x00007ff8e48c6000 	C:\WINDOWS\System32\GDI32.dll
0x00007ff8e26a0000 - 0x00007ff8e2836000 	C:\WINDOWS\System32\gdi32full.dll
0x00007ff8e30c0000 - 0x00007ff8e315e000 	C:\WINDOWS\System32\msvcp_win.dll
0x00007ff8e25a0000 - 0x00007ff8e269a000 	C:\WINDOWS\System32\ucrtbase.dll
0x00007ff8d2f40000 - 0x00007ff8d31c4000 	C:\WINDOWS\WinSxS\amd64_microsoft.windows.common-controls_6595b64144ccf1df_6.0.18362.959_none_e6c7bbbf130c62bb\COMCTL32.dll
0x00007ff8e3210000 - 0x00007ff8e3545000 	C:\WINDOWS\System32\combase.dll
0x00007ff8e2840000 - 0x00007ff8e28c0000 	C:\WINDOWS\System32\bcryptPrimitives.dll
0x00007ff8e4400000 - 0x00007ff8e442e000 	C:\WINDOWS\System32\IMM32.DLL
0x000000006f2d0000 - 0x000000006f3a2000 	D:\Program Files\Android\Android Studio\jre\jre\bin\msvcr100.dll
0x0000000070310000 - 0x0000000070b5b000 	D:\Program Files\Android\Android Studio\jre\jre\bin\server\jvm.dll
0x00007ff8e3d10000 - 0x00007ff8e3d18000 	C:\WINDOWS\System32\PSAPI.DLL
0x00007ff8de160000 - 0x00007ff8de184000 	C:\WINDOWS\SYSTEM32\WINMM.dll
0x00007ff8d7ca0000 - 0x00007ff8d7caa000 	C:\WINDOWS\SYSTEM32\VERSION.dll
0x00007ff8c4560000 - 0x00007ff8c4569000 	C:\WINDOWS\SYSTEM32\WSOCK32.dll
0x00007ff8de0a0000 - 0x00007ff8de0cd000 	C:\WINDOWS\SYSTEM32\winmmbase.dll
0x00007ff8e3070000 - 0x00007ff8e30ba000 	C:\WINDOWS\System32\cfgmgr32.dll
0x00007ff8e3ea0000 - 0x00007ff8e3f0f000 	C:\WINDOWS\System32\WS2_32.dll
0x00007ff8cc740000 - 0x00007ff8cc74f000 	D:\Program Files\Android\Android Studio\jre\jre\bin\verify.dll
0x00007ff8a9690000 - 0x00007ff8a96b9000 	D:\Program Files\Android\Android Studio\jre\jre\bin\java.dll
0x00007ff8a9270000 - 0x00007ff8a9286000 	D:\Program Files\Android\Android Studio\jre\jre\bin\zip.dll
0x00007ff8e4a30000 - 0x00007ff8e5116000 	C:\WINDOWS\System32\SHELL32.dll
0x00007ff8e3f90000 - 0x00007ff8e4039000 	C:\WINDOWS\System32\shcore.dll
0x00007ff8e28e0000 - 0x00007ff8e3062000 	C:\WINDOWS\System32\windows.storage.dll
0x00007ff8e2040000 - 0x00007ff8e2063000 	C:\WINDOWS\System32\profapi.dll
0x00007ff8e2090000 - 0x00007ff8e20da000 	C:\WINDOWS\System32\powrprof.dll
0x00007ff8e2010000 - 0x00007ff8e2020000 	C:\WINDOWS\System32\UMPDC.dll
0x00007ff8e3cb0000 - 0x00007ff8e3d02000 	C:\WINDOWS\System32\shlwapi.dll
0x00007ff8e2070000 - 0x00007ff8e2081000 	C:\WINDOWS\System32\kernel.appcore.dll
0x00007ff8e28c0000 - 0x00007ff8e28d7000 	C:\WINDOWS\System32\cryptsp.dll
0x00007ff8a67a0000 - 0x00007ff8a67ba000 	D:\Program Files\Android\Android Studio\jre\jre\bin\net.dll
0x00007ff8e1880000 - 0x00007ff8e18e7000 	C:\WINDOWS\system32\mswsock.dll
0x00007ff8a6510000 - 0x00007ff8a6523000 	D:\Program Files\Android\Android Studio\jre\jre\bin\nio.dll
0x00007ff8b0410000 - 0x00007ff8b0436000 	D:\elvof\AndroidStudioProjects1\.gradle\native\31\windows-amd64\native-platform.dll
0x00007ff8cb3f0000 - 0x00007ff8cb3fd000 	D:\Program Files\Android\Android Studio\jre\jre\bin\management.dll
0x00007ff8e13f0000 - 0x00007ff8e1423000 	C:\WINDOWS\system32\rsaenh.dll
0x00007ff8e20e0000 - 0x00007ff8e2106000 	C:\WINDOWS\System32\bcrypt.dll
0x00007ff8e1f30000 - 0x00007ff8e1f55000 	C:\WINDOWS\SYSTEM32\USERENV.dll
0x00007ff8e1a50000 - 0x00007ff8e1a5c000 	C:\WINDOWS\SYSTEM32\CRYPTBASE.dll
0x00007ff8e1590000 - 0x00007ff8e15ca000 	C:\WINDOWS\SYSTEM32\IPHLPAPI.DLL
0x00007ff8e40f0000 - 0x00007ff8e40f8000 	C:\WINDOWS\System32\NSI.dll
0x00007ff8d3310000 - 0x00007ff8d3326000 	C:\WINDOWS\SYSTEM32\dhcpcsvc6.DLL
0x00007ff8d33e0000 - 0x00007ff8d33fc000 	C:\WINDOWS\SYSTEM32\dhcpcsvc.DLL
0x00007ff8e15d0000 - 0x00007ff8e169b000 	C:\WINDOWS\SYSTEM32\DNSAPI.dll
0x00007ff8ddf60000 - 0x00007ff8ddf7e000 	C:\Users\elvof\AppData\Local\Temp\native-platform1318092344527239602dir\native-platform.dll

VM Arguments:
jvm_args: -Xmx2048m -Dfile.encoding=windows-1252 -Duser.country=DE -Duser.language=de -Duser.variant 
java_command: org.gradle.launcher.daemon.bootstrap.GradleDaemon 6.1.1
java_class_path (initial): D:\elvof\AndroidStudioProjects1\.gradle\wrapper\dists\gradle-6.1.1-all\cfmwm155h49vnt3hynmlrsdst\gradle-6.1.1\lib\gradle-launcher-6.1.1.jar
Launcher Type: SUN_STANDARD

Environment Variables:
PATH=C:\WINDOWS\system32;C:\WINDOWS;C:\WINDOWS\System32\Wbem;C:\WINDOWS\System32\WindowsPowerShell\v1.0\;C:\WINDOWS\System32\OpenSSH\;C:\Program Files\Intel\WiFi\bin\;C:\Program Files\Common Files\Intel\WirelessCommon\;C:\Program Files (x86)\Common Files\Adobe\AGL;C:\MinGW\bin;D:\Program Files\Git\cmd;C:\Users\elvof\AppData\Local\Microsoft\WindowsApps;C:\Users\elvof\AppData\Local\Programs\Microsoft VS Code\bin;C:\MinGW\bin;C:\Users\elvof\AppData\Local\Microsoft\WindowsApps
USERNAME=elvof
OS=Windows_NT
PROCESSOR_IDENTIFIER=Intel64 Family 6 Model 142 Stepping 11, GenuineIntel



---------------  S Y S T E M  ---------------

OS: Windows 10.0 , 64 bit Build 18362 (10.0.18362.959)

CPU:total 8 (initial active 8) (4 cores per cpu, 2 threads per core) family 6 model 142 stepping 11, cmov, cx8, fxsr, mmx, sse, sse2, sse3, ssse3, sse4.1, sse4.2, popcnt, avx, avx2, aes, clmul, erms, 3dnowpref, lzcnt, ht, tsc, tscinvbit, bmi1, bmi2, adx

Memory: 4k page, physical 8230708k(312572k free), swap 18716464k(4444k free)

vm_info: OpenJDK 64-Bit Server VM (25.242-b01) for windows-amd64 JRE (1.8.0_242-release-1644-b01), built by "builder" with MS VC++ 10.0 (VS2010)

time: Sun Aug 09 20:36:09 2020
timezone: Mitteleuropäische Sommerzeit
elapsed time: 52 seconds (0d 0h 0m 52s)

